In file included from ../ext/bson.h:17:0,
                 from ../ext/bson.cc:35:
/var/www/todo/back/nodejs/node_modules/mongodb/node_modules/bson/node_modules/nan/nan.h:317:13: error: ‘node::smalloc’ has not been declared
       node::smalloc::FreeCallback callback,
             ^
/var/www/todo/back/nodejs/node_modules/mongodb/node_modules/bson/node_modules/nan/nan.h:104:70: note: in definition of macro ‘NAN_INLINE’
 #define NAN_INLINE(declarator) inline __attribute__((always_inline)) declarator
                                                                      ^
/var/www/todo/back/nodejs/node_modules/mongodb/node_modules/bson/node_modules/nan/nan.h:317:35: error: expected ‘,’ or ‘...’ before ‘callback’
       node::smalloc::FreeCallback callback,
                                   ^
/var/www/todo/back/nodejs/node_modules/mongodb/node_modules/bson/node_modules/nan/nan.h:104:70: note: in definition of macro ‘NAN_INLINE’
 #define NAN_INLINE(declarator) inline __attribute__((always_inline)) declarator
                                                                      ^
/var/www/todo/back/nodejs/node_modules/mongodb/node_modules/bson/node_modules/nan/nan.h: In function ‘v8::Local<v8::Object> NanNewBufferHandle(char*, size_t, int)’:
/var/www/todo/back/nodejs/node_modules/mongodb/node_modules/bson/node_modules/nan/nan.h:319:44: error: ‘callback’ was not declared in this scope
     return node::Buffer::New(data, length, callback, hint);
                                            ^
/var/www/todo/back/nodejs/node_modules/mongodb/node_modules/bson/node_modules/nan/nan.h:319:54: error: ‘hint’ was not declared in this scope
     return node::Buffer::New(data, length, callback, hint);
                                                      ^
/var/www/todo/back/nodejs/node_modules/mongodb/node_modules/bson/node_modules/nan/nan.h: In function ‘v8::Local<v8::Object> NanBufferUse(char*, uint32_t)’:
/var/www/todo/back/nodejs/node_modules/mongodb/node_modules/bson/node_modules/nan/nan.h:332:12: error: ‘Use’ is not a member of ‘node::Buffer’
     return node::Buffer::Use(data, size);
            ^
../ext/bson.h: At global scope:
/var/www/todo/back/nodejs/node_modules/mongodb/node_modules/bson/node_modules/nan/nan.h:181:33: error: ‘FunctionCallbackInfo’ in namespace ‘v8’ does not name a type
 # define _NAN_METHOD_ARGS const v8::FunctionCallbackInfo<v8::Value>& args
                                 ^
/var/www/todo/back/nodejs/node_modules/mongodb/node_modules/bson/node_modules/nan/nan.h:182:37: note: in expansion of macro ‘_NAN_METHOD_ARGS’
 # define NAN_METHOD(name) void name(_NAN_METHOD_ARGS)
                                     ^
../ext/bson.h:57:16: note: in expansion of macro ‘NAN_METHOD’
         static NAN_METHOD(BSONDeserializeStream);
                ^
/var/www/todo/back/nodejs/node_modules/mongodb/node_modules/bson/node_modules/nan/nan.h:181:37: error: ISO C++ forbids declaration of ‘parameter’ with no type [-fpermissive]
 # define _NAN_METHOD_ARGS const v8::FunctionCallbackInfo<v8::Value>& args
                                     ^
/var/www/todo/back/nodejs/node_modules/mongodb/node_modules/bson/node_modules/nan/nan.h:182:37: note: in expansion of macro ‘_NAN_METHOD_ARGS’
 # define NAN_METHOD(name) void name(_NAN_METHOD_ARGS)
                                     ^
../ext/bson.h:57:16: note: in expansion of macro ‘NAN_METHOD’
         static NAN_METHOD(BSONDeserializeStream);
                ^
/var/www/todo/back/nodejs/node_modules/mongodb/node_modules/bson/node_modules/nan/nan.h:181:57: error: expected ‘,’ or ‘...’ before ‘<’ token
 # define _NAN_METHOD_ARGS const v8::FunctionCallbackInfo<v8::Value>& args
                                                         ^
/var/www/todo/back/nodejs/node_modules/mongodb/node_modules/bson/node_modules/nan/nan.h:182:37: note: in expansion of macro ‘_NAN_METHOD_ARGS’
 # define NAN_METHOD(name) void name(_NAN_METHOD_ARGS)
                                     ^
../ext/bson.h:57:16: note: in expansion of macro ‘NAN_METHOD’
         static NAN_METHOD(BSONDeserializeStream);
                ^
/var/www/todo/back/nodejs/node_modules/mongodb/node_modules/bson/node_modules/nan/nan.h:181:33: error: ‘FunctionCallbackInfo’ in namespace ‘v8’ does not name a type
 # define _NAN_METHOD_ARGS const v8::FunctionCallbackInfo<v8::Value>& args
                                 ^
/var/www/todo/back/nodejs/node_modules/mongodb/node_modules/bson/node_modules/nan/nan.h:182:37: note: in expansion of macro ‘_NAN_METHOD_ARGS’
 # define NAN_METHOD(name) void name(_NAN_METHOD_ARGS)
                                     ^
../ext/bson.h:60:9: note: in expansion of macro ‘NAN_METHOD’
  static NAN_METHOD(BSONSerialize);
         ^
/var/www/todo/back/nodejs/node_modules/mongodb/node_modules/bson/node_modules/nan/nan.h:181:37: error: ISO C++ forbids declaration of ‘parameter’ with no type [-fpermissive]
 # define _NAN_METHOD_ARGS const v8::FunctionCallbackInfo<v8::Value>& args
                                     ^
/var/www/todo/back/nodejs/node_modules/mongodb/node_modules/bson/node_modules/nan/nan.h:182:37: note: in expansion of macro ‘_NAN_METHOD_ARGS’
 # define NAN_METHOD(name) void name(_NAN_METHOD_ARGS)
                                     ^
../ext/bson.h:60:9: note: in expansion of macro ‘NAN_METHOD’
  static NAN_METHOD(BSONSerialize);
         ^
/var/www/todo/back/nodejs/node_modules/mongodb/node_modules/bson/node_modules/nan/nan.h:181:57: error: expected ‘,’ or ‘...’ before ‘<’ token
 # define _NAN_METHOD_ARGS const v8::FunctionCallbackInfo<v8::Value>& args
                                                         ^
/var/www/todo/back/nodejs/node_modules/mongodb/node_modules/bson/node_modules/nan/nan.h:182:37: note: in expansion of macro ‘_NAN_METHOD_ARGS’
 # define NAN_METHOD(name) void name(_NAN_METHOD_ARGS)
                                     ^
../ext/bson.h:60:9: note: in expansion of macro ‘NAN_METHOD’
  static NAN_METHOD(BSONSerialize);
         ^
/var/www/todo/back/nodejs/node_modules/mongodb/node_modules/bson/node_modules/nan/nan.h:181:33: error: ‘FunctionCallbackInfo’ in namespace ‘v8’ does not name a type
 # define _NAN_METHOD_ARGS const v8::FunctionCallbackInfo<v8::Value>& args
                                 ^
/var/www/todo/back/nodejs/node_modules/mongodb/node_modules/bson/node_modules/nan/nan.h:182:37: note: in expansion of macro ‘_NAN_METHOD_ARGS’
 # define NAN_METHOD(name) void name(_NAN_METHOD_ARGS)
                                     ^
../ext/bson.h:61:9: note: in expansion of macro ‘NAN_METHOD’
  static NAN_METHOD(BSONDeserialize);
         ^
/var/www/todo/back/nodejs/node_modules/mongodb/node_modules/bson/node_modules/nan/nan.h:181:37: error: ISO C++ forbids declaration of ‘parameter’ with no type [-fpermissive]
 # define _NAN_METHOD_ARGS const v8::FunctionCallbackInfo<v8::Value>& args
                                     ^
/var/www/todo/back/nodejs/node_modules/mongodb/node_modules/bson/node_modules/nan/nan.h:182:37: note: in expansion of macro ‘_NAN_METHOD_ARGS’
 # define NAN_METHOD(name) void name(_NAN_METHOD_ARGS)
                                     ^
../ext/bson.h:61:9: note: in expansion of macro ‘NAN_METHOD’
  static NAN_METHOD(BSONDeserialize);
         ^
/var/www/todo/back/nodejs/node_modules/mongodb/node_modules/bson/node_modules/nan/nan.h:181:57: error: expected ‘,’ or ‘...’ before ‘<’ token
 # define _NAN_METHOD_ARGS const v8::FunctionCallbackInfo<v8::Value>& args
                                                         ^
/var/www/todo/back/nodejs/node_modules/mongodb/node_modules/bson/node_modules/nan/nan.h:182:37: note: in expansion of macro ‘_NAN_METHOD_ARGS’
 # define NAN_METHOD(name) void name(_NAN_METHOD_ARGS)
                                     ^
../ext/bson.h:61:9: note: in expansion of macro ‘NAN_METHOD’
  static NAN_METHOD(BSONDeserialize);
         ^
/var/www/todo/back/nodejs/node_modules/mongodb/node_modules/bson/node_modules/nan/nan.h:181:33: error: ‘FunctionCallbackInfo’ in namespace ‘v8’ does not name a type
 # define _NAN_METHOD_ARGS const v8::FunctionCallbackInfo<v8::Value>& args
                                 ^
/var/www/todo/back/nodejs/node_modules/mongodb/node_modules/bson/node_modules/nan/nan.h:182:37: note: in expansion of macro ‘_NAN_METHOD_ARGS’
 # define NAN_METHOD(name) void name(_NAN_METHOD_ARGS)
                                     ^
../ext/bson.h:64:9: note: in expansion of macro ‘NAN_METHOD’
  static NAN_METHOD(CalculateObjectSize);
         ^
/var/www/todo/back/nodejs/node_modules/mongodb/node_modules/bson/node_modules/nan/nan.h:181:37: error: ISO C++ forbids declaration of ‘parameter’ with no type [-fpermissive]
 # define _NAN_METHOD_ARGS const v8::FunctionCallbackInfo<v8::Value>& args
                                     ^
/var/www/todo/back/nodejs/node_modules/mongodb/node_modules/bson/node_modules/nan/nan.h:182:37: note: in expansion of macro ‘_NAN_METHOD_ARGS’
 # define NAN_METHOD(name) void name(_NAN_METHOD_ARGS)
                                     ^
../ext/bson.h:64:9: note: in expansion of macro ‘NAN_METHOD’
  static NAN_METHOD(CalculateObjectSize);
         ^
/var/www/todo/back/nodejs/node_modules/mongodb/node_modules/bson/node_modules/nan/nan.h:181:57: error: expected ‘,’ or ‘...’ before ‘<’ token
 # define _NAN_METHOD_ARGS const v8::FunctionCallbackInfo<v8::Value>& args
                                                         ^
/var/www/todo/back/nodejs/node_modules/mongodb/node_modules/bson/node_modules/nan/nan.h:182:37: note: in expansion of macro ‘_NAN_METHOD_ARGS’
 # define NAN_METHOD(name) void name(_NAN_METHOD_ARGS)
                                     ^
../ext/bson.h:64:9: note: in expansion of macro ‘NAN_METHOD’
  static NAN_METHOD(CalculateObjectSize);
         ^
/var/www/todo/back/nodejs/node_modules/mongodb/node_modules/bson/node_modules/nan/nan.h:181:33: error: ‘FunctionCallbackInfo’ in namespace ‘v8’ does not name a type
 # define _NAN_METHOD_ARGS const v8::FunctionCallbackInfo<v8::Value>& args
                                 ^
/var/www/todo/back/nodejs/node_modules/mongodb/node_modules/bson/node_modules/nan/nan.h:182:37: note: in expansion of macro ‘_NAN_METHOD_ARGS’
 # define NAN_METHOD(name) void name(_NAN_METHOD_ARGS)
                                     ^
../ext/bson.h:65:9: note: in expansion of macro ‘NAN_METHOD’
  static NAN_METHOD(SerializeWithBufferAndIndex);
         ^
/var/www/todo/back/nodejs/node_modules/mongodb/node_modules/bson/node_modules/nan/nan.h:181:37: error: ISO C++ forbids declaration of ‘parameter’ with no type [-fpermissive]
 # define _NAN_METHOD_ARGS const v8::FunctionCallbackInfo<v8::Value>& args
                                     ^
/var/www/todo/back/nodejs/node_modules/mongodb/node_modules/bson/node_modules/nan/nan.h:182:37: note: in expansion of macro ‘_NAN_METHOD_ARGS’
 # define NAN_METHOD(name) void name(_NAN_METHOD_ARGS)
                                     ^
../ext/bson.h:65:9: note: in expansion of macro ‘NAN_METHOD’
  static NAN_METHOD(SerializeWithBufferAndIndex);
         ^
/var/www/todo/back/nodejs/node_modules/mongodb/node_modules/bson/node_modules/nan/nan.h:181:57: error: expected ‘,’ or ‘...’ before ‘<’ token
 # define _NAN_METHOD_ARGS const v8::FunctionCallbackInfo<v8::Value>& args
                                                         ^
/var/www/todo/back/nodejs/node_modules/mongodb/node_modules/bson/node_modules/nan/nan.h:182:37: note: in expansion of macro ‘_NAN_METHOD_ARGS’
 # define NAN_METHOD(name) void name(_NAN_METHOD_ARGS)
                                     ^
../ext/bson.h:65:9: note: in expansion of macro ‘NAN_METHOD’
  static NAN_METHOD(SerializeWithBufferAndIndex);
         ^
/var/www/todo/back/nodejs/node_modules/mongodb/node_modules/bson/node_modules/nan/nan.h:181:33: error: ‘FunctionCallbackInfo’ in namespace ‘v8’ does not name a type
 # define _NAN_METHOD_ARGS const v8::FunctionCallbackInfo<v8::Value>& args
                                 ^
/var/www/todo/back/nodejs/node_modules/mongodb/node_modules/bson/node_modules/nan/nan.h:182:37: note: in expansion of macro ‘_NAN_METHOD_ARGS’
 # define NAN_METHOD(name) void name(_NAN_METHOD_ARGS)
                                     ^
../ext/bson.h:71:9: note: in expansion of macro ‘NAN_METHOD’
  static NAN_METHOD(New);
         ^
/var/www/todo/back/nodejs/node_modules/mongodb/node_modules/bson/node_modules/nan/nan.h:181:37: error: ISO C++ forbids declaration of ‘parameter’ with no type [-fpermissive]
 # define _NAN_METHOD_ARGS const v8::FunctionCallbackInfo<v8::Value>& args
                                     ^
/var/www/todo/back/nodejs/node_modules/mongodb/node_modules/bson/node_modules/nan/nan.h:182:37: note: in expansion of macro ‘_NAN_METHOD_ARGS’
 # define NAN_METHOD(name) void name(_NAN_METHOD_ARGS)
                                     ^
../ext/bson.h:71:9: note: in expansion of macro ‘NAN_METHOD’
  static NAN_METHOD(New);
         ^
/var/www/todo/back/nodejs/node_modules/mongodb/node_modules/bson/node_modules/nan/nan.h:181:57: error: expected ‘,’ or ‘...’ before ‘<’ token
 # define _NAN_METHOD_ARGS const v8::FunctionCallbackInfo<v8::Value>& args
                                                         ^
/var/www/todo/back/nodejs/node_modules/mongodb/node_modules/bson/node_modules/nan/nan.h:182:37: note: in expansion of macro ‘_NAN_METHOD_ARGS’
 # define NAN_METHOD(name) void name(_NAN_METHOD_ARGS)
                                     ^
../ext/bson.h:71:9: note: in expansion of macro ‘NAN_METHOD’
  static NAN_METHOD(New);
         ^
../ext/bson.cc: In static member function ‘static void BSON::Initialize(v8::Handle<v8::Object>)’:
../ext/bson.cc:643:55: error: invalid conversion from ‘void (*)(int)’ to ‘v8::InvocationCallback {aka v8::Handle<v8::Value> (*)(const v8::Arguments&)}’ [-fpermissive]
  Local<FunctionTemplate> t = FunctionTemplate::New(New);
                                                       ^
In file included from ../ext/bson.cc:14:0:
/home/captain_kuro/.node-gyp/0.11.2/deps/v8/include/v8.h:2957:34: error:   initializing argument 1 of ‘static v8::Local<v8::FunctionTemplate> v8::FunctionTemplate::New(v8::InvocationCallback, v8::Handle<v8::Value>, v8::Handle<v8::Signature>, int)’ [-fpermissive]
   static Local<FunctionTemplate> New(
                                  ^
../ext/bson.cc:648:73: error: no matching function for call to ‘SetPrototypeMethod(v8::Local<v8::FunctionTemplate>&, const char [20], void (&)(int))’
  NODE_SET_PROTOTYPE_METHOD(t, "calculateObjectSize", CalculateObjectSize);
                                                                         ^
../ext/bson.cc:648:73: note: candidate is:
In file included from ../ext/bson.cc:22:0:
/home/captain_kuro/.node-gyp/0.11.2/src/node.h:122:6: note: template<class target_t> void node::SetPrototypeMethod(target_t, const char*, v8::InvocationCallback)
 void SetPrototypeMethod(target_t target,
      ^
/home/captain_kuro/.node-gyp/0.11.2/src/node.h:122:6: note:   template argument deduction/substitution failed:
../ext/bson.cc:648:73: note:   cannot convert ‘BSON::CalculateObjectSize’ (type ‘void(int)’) to type ‘v8::InvocationCallback {aka v8::Handle<v8::Value> (*)(const v8::Arguments&)}’
  NODE_SET_PROTOTYPE_METHOD(t, "calculateObjectSize", CalculateObjectSize);
                                                                         ^
../ext/bson.cc:649:57: error: no matching function for call to ‘SetPrototypeMethod(v8::Local<v8::FunctionTemplate>&, const char [10], void (&)(int))’
  NODE_SET_PROTOTYPE_METHOD(t, "serialize", BSONSerialize);
                                                         ^
../ext/bson.cc:649:57: note: candidate is:
In file included from ../ext/bson.cc:22:0:
/home/captain_kuro/.node-gyp/0.11.2/src/node.h:122:6: note: template<class target_t> void node::SetPrototypeMethod(target_t, const char*, v8::InvocationCallback)
 void SetPrototypeMethod(target_t target,
      ^
/home/captain_kuro/.node-gyp/0.11.2/src/node.h:122:6: note:   template argument deduction/substitution failed:
../ext/bson.cc:649:57: note:   cannot convert ‘BSON::BSONSerialize’ (type ‘void(int)’) to type ‘v8::InvocationCallback {aka v8::Handle<v8::Value> (*)(const v8::Arguments&)}’
  NODE_SET_PROTOTYPE_METHOD(t, "serialize", BSONSerialize);
                                                         ^
../ext/bson.cc:650:89: error: no matching function for call to ‘SetPrototypeMethod(v8::Local<v8::FunctionTemplate>&, const char [28], void (&)(int))’
  NODE_SET_PROTOTYPE_METHOD(t, "serializeWithBufferAndIndex", SerializeWithBufferAndIndex);
                                                                                         ^
../ext/bson.cc:650:89: note: candidate is:
In file included from ../ext/bson.cc:22:0:
/home/captain_kuro/.node-gyp/0.11.2/src/node.h:122:6: note: template<class target_t> void node::SetPrototypeMethod(target_t, const char*, v8::InvocationCallback)
 void SetPrototypeMethod(target_t target,
      ^
/home/captain_kuro/.node-gyp/0.11.2/src/node.h:122:6: note:   template argument deduction/substitution failed:
../ext/bson.cc:650:89: note:   cannot convert ‘BSON::SerializeWithBufferAndIndex’ (type ‘void(int)’) to type ‘v8::InvocationCallback {aka v8::Handle<v8::Value> (*)(const v8::Arguments&)}’
  NODE_SET_PROTOTYPE_METHOD(t, "serializeWithBufferAndIndex", SerializeWithBufferAndIndex);
                                                                                         ^
../ext/bson.cc:651:61: error: no matching function for call to ‘SetPrototypeMethod(v8::Local<v8::FunctionTemplate>&, const char [12], void (&)(int))’
  NODE_SET_PROTOTYPE_METHOD(t, "deserialize", BSONDeserialize);
                                                             ^
../ext/bson.cc:651:61: note: candidate is:
In file included from ../ext/bson.cc:22:0:
/home/captain_kuro/.node-gyp/0.11.2/src/node.h:122:6: note: template<class target_t> void node::SetPrototypeMethod(target_t, const char*, v8::InvocationCallback)
 void SetPrototypeMethod(target_t target,
      ^
/home/captain_kuro/.node-gyp/0.11.2/src/node.h:122:6: note:   template argument deduction/substitution failed:
../ext/bson.cc:651:61: note:   cannot convert ‘BSON::BSONDeserialize’ (type ‘void(int)’) to type ‘v8::InvocationCallback {aka v8::Handle<v8::Value> (*)(const v8::Arguments&)}’
  NODE_SET_PROTOTYPE_METHOD(t, "deserialize", BSONDeserialize);
                                                             ^
../ext/bson.cc:652:73: error: no matching function for call to ‘SetPrototypeMethod(v8::Local<v8::FunctionTemplate>&, const char [18], void (&)(int))’
  NODE_SET_PROTOTYPE_METHOD(t, "deserializeStream", BSONDeserializeStream);
                                                                         ^
../ext/bson.cc:652:73: note: candidate is:
In file included from ../ext/bson.cc:22:0:
/home/captain_kuro/.node-gyp/0.11.2/src/node.h:122:6: note: template<class target_t> void node::SetPrototypeMethod(target_t, const char*, v8::InvocationCallback)
 void SetPrototypeMethod(target_t target,
      ^
/home/captain_kuro/.node-gyp/0.11.2/src/node.h:122:6: note:   template argument deduction/substitution failed:
../ext/bson.cc:652:73: note:   cannot convert ‘BSON::BSONDeserializeStream’ (type ‘void(int)’) to type ‘v8::InvocationCallback {aka v8::Handle<v8::Value> (*)(const v8::Arguments&)}’
  NODE_SET_PROTOTYPE_METHOD(t, "deserializeStream", BSONDeserializeStream);
                                                                         ^
In file included from ../ext/bson.h:17:0,
                 from ../ext/bson.cc:35:
../ext/bson.cc: At global scope:
/var/www/todo/back/nodejs/node_modules/mongodb/node_modules/bson/node_modules/nan/nan.h:181:33: error: ‘FunctionCallbackInfo’ in namespace ‘v8’ does not name a type
 # define _NAN_METHOD_ARGS const v8::FunctionCallbackInfo<v8::Value>& args
                                 ^
/var/www/todo/back/nodejs/node_modules/mongodb/node_modules/bson/node_modules/nan/nan.h:182:37: note: in expansion of macro ‘_NAN_METHOD_ARGS’
 # define NAN_METHOD(name) void name(_NAN_METHOD_ARGS)
                                     ^
../ext/bson.cc:660:1: note: in expansion of macro ‘NAN_METHOD’
 NAN_METHOD(BSON::New)
 ^
/var/www/todo/back/nodejs/node_modules/mongodb/node_modules/bson/node_modules/nan/nan.h:181:37: error: ISO C++ forbids declaration of ‘parameter’ with no type [-fpermissive]
 # define _NAN_METHOD_ARGS const v8::FunctionCallbackInfo<v8::Value>& args
                                     ^
/var/www/todo/back/nodejs/node_modules/mongodb/node_modules/bson/node_modules/nan/nan.h:182:37: note: in expansion of macro ‘_NAN_METHOD_ARGS’
 # define NAN_METHOD(name) void name(_NAN_METHOD_ARGS)
                                     ^
../ext/bson.cc:660:1: note: in expansion of macro ‘NAN_METHOD’
 NAN_METHOD(BSON::New)
 ^
/var/www/todo/back/nodejs/node_modules/mongodb/node_modules/bson/node_modules/nan/nan.h:181:57: error: expected ‘,’ or ‘...’ before ‘<’ token
 # define _NAN_METHOD_ARGS const v8::FunctionCallbackInfo<v8::Value>& args
                                                         ^
/var/www/todo/back/nodejs/node_modules/mongodb/node_modules/bson/node_modules/nan/nan.h:182:37: note: in expansion of macro ‘_NAN_METHOD_ARGS’
 # define NAN_METHOD(name) void name(_NAN_METHOD_ARGS)
                                     ^
../ext/bson.cc:660:1: note: in expansion of macro ‘NAN_METHOD’
 NAN_METHOD(BSON::New)
 ^
../ext/bson.cc: In static member function ‘static void BSON::New(int)’:
../ext/bson.cc:665:5: error: ‘args’ was not declared in this scope
  if(args.Length() == 1 && args[0]->IsArray())
     ^
In file included from ../ext/bson.h:17:0,
                 from ../ext/bson.cc:35:
/var/www/todo/back/nodejs/node_modules/mongodb/node_modules/bson/node_modules/nan/nan.h:233:70: error: return-statement with a value, in function returning 'void' [-fpermissive]
 # define NanReturnValue(value) return args.GetReturnValue().Set(value)
                                                                      ^
../ext/bson.cc:723:5: note: in expansion of macro ‘NanReturnValue’
     NanReturnValue(args.This());
     ^
../ext/bson.cc: At global scope:
/var/www/todo/back/nodejs/node_modules/mongodb/node_modules/bson/node_modules/nan/nan.h:181:33: error: ‘FunctionCallbackInfo’ in namespace ‘v8’ does not name a type
 # define _NAN_METHOD_ARGS const v8::FunctionCallbackInfo<v8::Value>& args
                                 ^
/var/www/todo/back/nodejs/node_modules/mongodb/node_modules/bson/node_modules/nan/nan.h:182:37: note: in expansion of macro ‘_NAN_METHOD_ARGS’
 # define NAN_METHOD(name) void name(_NAN_METHOD_ARGS)
                                     ^
../ext/bson.cc:742:1: note: in expansion of macro ‘NAN_METHOD’
 NAN_METHOD(BSON::BSONDeserialize)
 ^
/var/www/todo/back/nodejs/node_modules/mongodb/node_modules/bson/node_modules/nan/nan.h:181:37: error: ISO C++ forbids declaration of ‘parameter’ with no type [-fpermissive]
 # define _NAN_METHOD_ARGS const v8::FunctionCallbackInfo<v8::Value>& args
                                     ^
/var/www/todo/back/nodejs/node_modules/mongodb/node_modules/bson/node_modules/nan/nan.h:182:37: note: in expansion of macro ‘_NAN_METHOD_ARGS’
 # define NAN_METHOD(name) void name(_NAN_METHOD_ARGS)
                                     ^
../ext/bson.cc:742:1: note: in expansion of macro ‘NAN_METHOD’
 NAN_METHOD(BSON::BSONDeserialize)
 ^
/var/www/todo/back/nodejs/node_modules/mongodb/node_modules/bson/node_modules/nan/nan.h:181:57: error: expected ‘,’ or ‘...’ before ‘<’ token
 # define _NAN_METHOD_ARGS const v8::FunctionCallbackInfo<v8::Value>& args
                                                         ^
/var/www/todo/back/nodejs/node_modules/mongodb/node_modules/bson/node_modules/nan/nan.h:182:37: note: in expansion of macro ‘_NAN_METHOD_ARGS’
 # define NAN_METHOD(name) void name(_NAN_METHOD_ARGS)
                                     ^
../ext/bson.cc:742:1: note: in expansion of macro ‘NAN_METHOD’
 NAN_METHOD(BSON::BSONDeserialize)
 ^
../ext/bson.cc: In static member function ‘static void BSON::BSONDeserialize(int)’:
../ext/bson.cc:747:5: error: ‘args’ was not declared in this scope
  if(args.Length() > 1 && !args[0]->IsString() && !Buffer::HasInstance(args[0]))
     ^
../ext/bson.cc:754:5: error: ‘args’ was not declared in this scope
  if(args.Length() == 2 && args[1]->IsObject()) {
     ^
../ext/bson.cc:763:22: error: ‘args’ was not declared in this scope
  Local<Object> obj = args[0]->ToObject();
                      ^
In file included from ../ext/bson.h:17:0,
                 from ../ext/bson.cc:35:
/var/www/todo/back/nodejs/node_modules/mongodb/node_modules/bson/node_modules/nan/nan.h:233:70: error: return-statement with a value, in function returning 'void' [-fpermissive]
 # define NanReturnValue(value) return args.GetReturnValue().Set(value)
                                                                      ^
../ext/bson.cc:787:4: note: in expansion of macro ‘NanReturnValue’
    NanReturnValue(deserializer.DeserializeDocument(promoteLongs));
    ^
/var/www/todo/back/nodejs/node_modules/mongodb/node_modules/bson/node_modules/nan/nan.h:233:70: error: return-statement with a value, in function returning 'void' [-fpermissive]
 # define NanReturnValue(value) return args.GetReturnValue().Set(value)
                                                                      ^
../ext/bson.cc:815:4: note: in expansion of macro ‘NanReturnValue’
    NanReturnValue(result);
    ^
../ext/bson.cc: At global scope:
/var/www/todo/back/nodejs/node_modules/mongodb/node_modules/bson/node_modules/nan/nan.h:181:33: error: ‘FunctionCallbackInfo’ in namespace ‘v8’ does not name a type
 # define _NAN_METHOD_ARGS const v8::FunctionCallbackInfo<v8::Value>& args
                                 ^
/var/www/todo/back/nodejs/node_modules/mongodb/node_modules/bson/node_modules/nan/nan.h:182:37: note: in expansion of macro ‘_NAN_METHOD_ARGS’
 # define NAN_METHOD(name) void name(_NAN_METHOD_ARGS)
                                     ^
../ext/bson.cc:846:1: note: in expansion of macro ‘NAN_METHOD’
 NAN_METHOD(BSON::BSONSerialize)
 ^
/var/www/todo/back/nodejs/node_modules/mongodb/node_modules/bson/node_modules/nan/nan.h:181:37: error: ISO C++ forbids declaration of ‘parameter’ with no type [-fpermissive]
 # define _NAN_METHOD_ARGS const v8::FunctionCallbackInfo<v8::Value>& args
                                     ^
/var/www/todo/back/nodejs/node_modules/mongodb/node_modules/bson/node_modules/nan/nan.h:182:37: note: in expansion of macro ‘_NAN_METHOD_ARGS’
 # define NAN_METHOD(name) void name(_NAN_METHOD_ARGS)
                                     ^
../ext/bson.cc:846:1: note: in expansion of macro ‘NAN_METHOD’
 NAN_METHOD(BSON::BSONSerialize)
 ^
/var/www/todo/back/nodejs/node_modules/mongodb/node_modules/bson/node_modules/nan/nan.h:181:57: error: expected ‘,’ or ‘...’ before ‘<’ token
 # define _NAN_METHOD_ARGS const v8::FunctionCallbackInfo<v8::Value>& args
                                                         ^
/var/www/todo/back/nodejs/node_modules/mongodb/node_modules/bson/node_modules/nan/nan.h:182:37: note: in expansion of macro ‘_NAN_METHOD_ARGS’
 # define NAN_METHOD(name) void name(_NAN_METHOD_ARGS)
                                     ^
../ext/bson.cc:846:1: note: in expansion of macro ‘NAN_METHOD’
 NAN_METHOD(BSON::BSONSerialize)
 ^
../ext/bson.cc: In static member function ‘static void BSON::BSONSerialize(int)’:
../ext/bson.cc:850:5: error: ‘args’ was not declared in this scope
  if(args.Length() == 1 && !args[0]->IsObject()) return NanThrowError("One, two or tree arguments required - [object] or [object, boolean] or [object, boolean, boolean]");
     ^
../ext/bson.cc:851:5: error: ‘args’ was not declared in this scope
  if(args.Length() == 2 && !args[0]->IsObject() && !args[1]->IsBoolean()) return NanThrowError("One, two or tree arguments required - [object] or [object, boolean] or [object, boolean, boolean]");
     ^
../ext/bson.cc:852:5: error: ‘args’ was not declared in this scope
  if(args.Length() == 3 && !args[0]->IsObject() && !args[1]->IsBoolean() && !args[2]->IsBoolean()) return NanThrowError("One, two or tree arguments required - [object] or [object, boolean] or [object, boolean, boolean]");
     ^
../ext/bson.cc:853:5: error: ‘args’ was not declared in this scope
  if(args.Length() == 4 && !args[0]->IsObject() && !args[1]->IsBoolean() && !args[2]->IsBoolean() && !args[3]->IsBoolean()) return NanThrowError("One, two or tree arguments required - [object] or [object, boolean] or [object, boolean, boolean] or [object, boolean, boolean, boolean]");
     ^
../ext/bson.cc:854:5: error: ‘args’ was not declared in this scope
  if(args.Length() > 4) return NanThrowError("One, two, tree or four arguments required - [object] or [object, boolean] or [object, boolean, boolean] or [object, boolean, boolean, boolean]");
     ^
../ext/bson.cc:857:5: error: ‘args’ was not declared in this scope
  if(args[0]->IsArray()) return NanThrowError("Only javascript objects supported");
     ^
../ext/bson.cc:860:40: error: ‘args’ was not declared in this scope
  BSON *bson = ObjectWrap::Unwrap<BSON>(args.This());
                                        ^
In file included from ../ext/bson.h:17:0,
                 from ../ext/bson.cc:35:
/var/www/todo/back/nodejs/node_modules/mongodb/node_modules/bson/node_modules/nan/nan.h:233:70: error: return-statement with a value, in function returning 'void' [-fpermissive]
 # define NanReturnValue(value) return args.GetReturnValue().Set(value)
                                                                      ^
../ext/bson.cc:897:3: note: in expansion of macro ‘NanReturnValue’
   NanReturnValue(buffer);
   ^
/var/www/todo/back/nodejs/node_modules/mongodb/node_modules/bson/node_modules/nan/nan.h:233:70: error: return-statement with a value, in function returning 'void' [-fpermissive]
 # define NanReturnValue(value) return args.GetReturnValue().Set(value)
                                                                      ^
../ext/bson.cc:903:3: note: in expansion of macro ‘NanReturnValue’
   NanReturnValue(bin_value);
   ^
../ext/bson.cc: At global scope:
/var/www/todo/back/nodejs/node_modules/mongodb/node_modules/bson/node_modules/nan/nan.h:181:33: error: ‘FunctionCallbackInfo’ in namespace ‘v8’ does not name a type
 # define _NAN_METHOD_ARGS const v8::FunctionCallbackInfo<v8::Value>& args
                                 ^
/var/www/todo/back/nodejs/node_modules/mongodb/node_modules/bson/node_modules/nan/nan.h:182:37: note: in expansion of macro ‘_NAN_METHOD_ARGS’
 # define NAN_METHOD(name) void name(_NAN_METHOD_ARGS)
                                     ^
../ext/bson.cc:907:1: note: in expansion of macro ‘NAN_METHOD’
 NAN_METHOD(BSON::CalculateObjectSize)
 ^
/var/www/todo/back/nodejs/node_modules/mongodb/node_modules/bson/node_modules/nan/nan.h:181:37: error: ISO C++ forbids declaration of ‘parameter’ with no type [-fpermissive]
 # define _NAN_METHOD_ARGS const v8::FunctionCallbackInfo<v8::Value>& args
                                     ^
/var/www/todo/back/nodejs/node_modules/mongodb/node_modules/bson/node_modules/nan/nan.h:182:37: note: in expansion of macro ‘_NAN_METHOD_ARGS’
 # define NAN_METHOD(name) void name(_NAN_METHOD_ARGS)
                                     ^
../ext/bson.cc:907:1: note: in expansion of macro ‘NAN_METHOD’
 NAN_METHOD(BSON::CalculateObjectSize)
 ^
/var/www/todo/back/nodejs/node_modules/mongodb/node_modules/bson/node_modules/nan/nan.h:181:57: error: expected ‘,’ or ‘...’ before ‘<’ token
 # define _NAN_METHOD_ARGS const v8::FunctionCallbackInfo<v8::Value>& args
                                                         ^
/var/www/todo/back/nodejs/node_modules/mongodb/node_modules/bson/node_modules/nan/nan.h:182:37: note: in expansion of macro ‘_NAN_METHOD_ARGS’
 # define NAN_METHOD(name) void name(_NAN_METHOD_ARGS)
                                     ^
../ext/bson.cc:907:1: note: in expansion of macro ‘NAN_METHOD’
 NAN_METHOD(BSON::CalculateObjectSize)
 ^
../ext/bson.cc: In static member function ‘static void BSON::CalculateObjectSize(int)’:
../ext/bson.cc:911:5: error: ‘args’ was not declared in this scope
  if(args.Length() == 1 && !args[0]->IsObject()) return NanThrowError("One argument required - [object]");
     ^
../ext/bson.cc:912:5: error: ‘args’ was not declared in this scope
  if(args.Length() == 2 && !args[0]->IsObject() && !args[1]->IsBoolean())  return NanThrowError("Two arguments required - [object, boolean]");
     ^
../ext/bson.cc:913:5: error: ‘args’ was not declared in this scope
  if(args.Length() > 3) return NanThrowError("One or two arguments required - [object] or [object, boolean]");
     ^
../ext/bson.cc:916:40: error: ‘args’ was not declared in this scope
  BSON *bson = ObjectWrap::Unwrap<BSON>(args.This());
                                        ^
In file included from ../ext/bson.h:17:0,
                 from ../ext/bson.cc:35:
/var/www/todo/back/nodejs/node_modules/mongodb/node_modules/bson/node_modules/nan/nan.h:233:70: error: return-statement with a value, in function returning 'void' [-fpermissive]
 # define NanReturnValue(value) return args.GetReturnValue().Set(value)
                                                                      ^
../ext/bson.cc:922:2: note: in expansion of macro ‘NanReturnValue’
  NanReturnValue(Uint32::New((uint32_t) countSerializer.GetSerializeSize()));
  ^
../ext/bson.cc: At global scope:
/var/www/todo/back/nodejs/node_modules/mongodb/node_modules/bson/node_modules/nan/nan.h:181:33: error: ‘FunctionCallbackInfo’ in namespace ‘v8’ does not name a type
 # define _NAN_METHOD_ARGS const v8::FunctionCallbackInfo<v8::Value>& args
                                 ^
/var/www/todo/back/nodejs/node_modules/mongodb/node_modules/bson/node_modules/nan/nan.h:182:37: note: in expansion of macro ‘_NAN_METHOD_ARGS’
 # define NAN_METHOD(name) void name(_NAN_METHOD_ARGS)
                                     ^
../ext/bson.cc:925:1: note: in expansion of macro ‘NAN_METHOD’
 NAN_METHOD(BSON::SerializeWithBufferAndIndex)
 ^
/var/www/todo/back/nodejs/node_modules/mongodb/node_modules/bson/node_modules/nan/nan.h:181:37: error: ISO C++ forbids declaration of ‘parameter’ with no type [-fpermissive]
 # define _NAN_METHOD_ARGS const v8::FunctionCallbackInfo<v8::Value>& args
                                     ^
/var/www/todo/back/nodejs/node_modules/mongodb/node_modules/bson/node_modules/nan/nan.h:182:37: note: in expansion of macro ‘_NAN_METHOD_ARGS’
 # define NAN_METHOD(name) void name(_NAN_METHOD_ARGS)
                                     ^
../ext/bson.cc:925:1: note: in expansion of macro ‘NAN_METHOD’
 NAN_METHOD(BSON::SerializeWithBufferAndIndex)
 ^
/var/www/todo/back/nodejs/node_modules/mongodb/node_modules/bson/node_modules/nan/nan.h:181:57: error: expected ‘,’ or ‘...’ before ‘<’ token
 # define _NAN_METHOD_ARGS const v8::FunctionCallbackInfo<v8::Value>& args
                                                         ^
/var/www/todo/back/nodejs/node_modules/mongodb/node_modules/bson/node_modules/nan/nan.h:182:37: note: in expansion of macro ‘_NAN_METHOD_ARGS’
 # define NAN_METHOD(name) void name(_NAN_METHOD_ARGS)
                                     ^
../ext/bson.cc:925:1: note: in expansion of macro ‘NAN_METHOD’
 NAN_METHOD(BSON::SerializeWithBufferAndIndex)
 ^
../ext/bson.cc: In static member function ‘static void BSON::SerializeWithBufferAndIndex(int)’:
../ext/bson.cc:931:5: error: ‘args’ was not declared in this scope
  if(args.Length() > 5) return NanThrowError("Four or five parameters required [object, boolean, Buffer, int] or [object, boolean, Buffer, int, boolean]");
     ^
../ext/bson.cc:932:5: error: ‘args’ was not declared in this scope
  if(args.Length() == 4 && !args[0]->IsObject() && !args[1]->IsBoolean() && !Buffer::HasInstance(args[2]) && !args[3]->IsUint32()) return NanThrowError("Four parameters required [object, boolean, Buffer, int]");
     ^
../ext/bson.cc:933:5: error: ‘args’ was not declared in this scope
  if(args.Length() == 5 && !args[0]->IsObject() && !args[1]->IsBoolean() && !Buffer::HasInstance(args[2]) && !args[3]->IsUint32() && !args[4]->IsBoolean()) return NanThrowError("Four parameters required [object, boolean, Buffer, int, boolean]");
     ^
../ext/bson.cc:940:41: error: ‘args’ was not declared in this scope
   BSON *bson = ObjectWrap::Unwrap<BSON>(args.This());
                                         ^
In file included from ../ext/bson.h:17:0,
                 from ../ext/bson.cc:35:
/var/www/todo/back/nodejs/node_modules/mongodb/node_modules/bson/node_modules/nan/nan.h:233:39: error: ‘args’ was not declared in this scope
 # define NanReturnValue(value) return args.GetReturnValue().Set(value)
                                       ^
../ext/bson.cc:963:2: note: in expansion of macro ‘NanReturnValue’
  NanReturnValue(Uint32::New((uint32_t) (index + object_size - 1)));
  ^
/var/www/todo/back/nodejs/node_modules/mongodb/node_modules/bson/node_modules/nan/nan.h:233:70: error: return-statement with a value, in function returning 'void' [-fpermissive]
 # define NanReturnValue(value) return args.GetReturnValue().Set(value)
                                                                      ^
../ext/bson.cc:963:2: note: in expansion of macro ‘NanReturnValue’
  NanReturnValue(Uint32::New((uint32_t) (index + object_size - 1)));
  ^
../ext/bson.cc: At global scope:
/var/www/todo/back/nodejs/node_modules/mongodb/node_modules/bson/node_modules/nan/nan.h:181:33: error: ‘FunctionCallbackInfo’ in namespace ‘v8’ does not name a type
 # define _NAN_METHOD_ARGS const v8::FunctionCallbackInfo<v8::Value>& args
                                 ^
/var/www/todo/back/nodejs/node_modules/mongodb/node_modules/bson/node_modules/nan/nan.h:182:37: note: in expansion of macro ‘_NAN_METHOD_ARGS’
 # define NAN_METHOD(name) void name(_NAN_METHOD_ARGS)
                                     ^
../ext/bson.cc:966:1: note: in expansion of macro ‘NAN_METHOD’
 NAN_METHOD(BSON::BSONDeserializeStream)
 ^
/var/www/todo/back/nodejs/node_modules/mongodb/node_modules/bson/node_modules/nan/nan.h:181:37: error: ISO C++ forbids declaration of ‘parameter’ with no type [-fpermissive]
 # define _NAN_METHOD_ARGS const v8::FunctionCallbackInfo<v8::Value>& args
                                     ^
/var/www/todo/back/nodejs/node_modules/mongodb/node_modules/bson/node_modules/nan/nan.h:182:37: note: in expansion of macro ‘_NAN_METHOD_ARGS’
 # define NAN_METHOD(name) void name(_NAN_METHOD_ARGS)
                                     ^
../ext/bson.cc:966:1: note: in expansion of macro ‘NAN_METHOD’
 NAN_METHOD(BSON::BSONDeserializeStream)
 ^
/var/www/todo/back/nodejs/node_modules/mongodb/node_modules/bson/node_modules/nan/nan.h:181:57: error: expected ‘,’ or ‘...’ before ‘<’ token
 # define _NAN_METHOD_ARGS const v8::FunctionCallbackInfo<v8::Value>& args
                                                         ^
/var/www/todo/back/nodejs/node_modules/mongodb/node_modules/bson/node_modules/nan/nan.h:182:37: note: in expansion of macro ‘_NAN_METHOD_ARGS’
 # define NAN_METHOD(name) void name(_NAN_METHOD_ARGS)
                                     ^
../ext/bson.cc:966:1: note: in expansion of macro ‘NAN_METHOD’
 NAN_METHOD(BSON::BSONDeserializeStream)
 ^
../ext/bson.cc: In static member function ‘static void BSON::BSONDeserializeStream(int)’:
../ext/bson.cc:971:5: error: ‘args’ was not declared in this scope
  if(args.Length() < 5) return NanThrowError("Arguments required (Buffer(data), Number(index in data), Number(number of documents to deserialize), Array(results), Number(index in the array), Object(optional))");
     ^
../ext/bson.cc:974:5: error: ‘args’ was not declared in this scope
  if(args.Length() >= 5)
     ^
../ext/bson.cc:984:5: error: ‘args’ was not declared in this scope
  if(args.Length() == 6 && !args[5]->IsObject()) return NanThrowError("Fifth argument must be an object with options");
     ^
../ext/bson.cc:987:22: error: ‘args’ was not declared in this scope
  Local<Object> obj = args[0]->ToObject();
                      ^
In file included from ../ext/bson.h:17:0,
                 from ../ext/bson.cc:35:
/var/www/todo/back/nodejs/node_modules/mongodb/node_modules/bson/node_modules/nan/nan.h:233:70: error: return-statement with a value, in function returning 'void' [-fpermissive]
 # define NanReturnValue(value) return args.GetReturnValue().Set(value)
                                                                      ^
../ext/bson.cc:1035:2: note: in expansion of macro ‘NanReturnValue’
  NanReturnValue(Uint32::New((uint32_t) (index + deserializer.GetSerializeSize())));
  ^
In file included from ../ext/bson.cc:14:0:
/home/captain_kuro/.node-gyp/0.11.2/deps/v8/include/v8.h: In instantiation of ‘v8::Local<T>::Local(S*) [with S = node::Buffer; T = v8::Object]’:
/var/www/todo/back/nodejs/node_modules/mongodb/node_modules/bson/node_modules/nan/nan.h:324:40:   required from here
/home/captain_kuro/.node-gyp/0.11.2/deps/v8/include/v8.h:405:63: error: no matching function for call to ‘v8::Handle<v8::Object>::Handle(node::Buffer*&)’
   template <class S> V8_INLINE(Local(S* that) : Handle<T>(that)) { }
                                                               ^
/home/captain_kuro/.node-gyp/0.11.2/deps/v8/include/v8.h:80:69: note: in definition of macro ‘V8_INLINE’
 #define V8_INLINE(declarator) inline __attribute__((always_inline)) declarator
                                                                     ^
/home/captain_kuro/.node-gyp/0.11.2/deps/v8/include/v8.h:405:63: note: candidates are:
   template <class S> V8_INLINE(Local(S* that) : Handle<T>(that)) { }
                                                               ^
/home/captain_kuro/.node-gyp/0.11.2/deps/v8/include/v8.h:80:69: note: in definition of macro ‘V8_INLINE’
 #define V8_INLINE(declarator) inline __attribute__((always_inline)) declarator
                                                                     ^
/home/captain_kuro/.node-gyp/0.11.2/deps/v8/include/v8.h:266:32: note: template<class S> v8::Handle<T>::Handle(v8::Handle<S>)
   template <class S> V8_INLINE(Handle(Handle<S> that))
                                ^
/home/captain_kuro/.node-gyp/0.11.2/deps/v8/include/v8.h:80:69: note: in definition of macro ‘V8_INLINE’
 #define V8_INLINE(declarator) inline __attribute__((always_inline)) declarator
                                                                     ^
/home/captain_kuro/.node-gyp/0.11.2/deps/v8/include/v8.h:266:32: note:   template argument deduction/substitution failed:
   template <class S> V8_INLINE(Handle(Handle<S> that))
                                ^
/home/captain_kuro/.node-gyp/0.11.2/deps/v8/include/v8.h:80:69: note: in definition of macro ‘V8_INLINE’
 #define V8_INLINE(declarator) inline __attribute__((always_inline)) declarator
                                                                     ^
/home/captain_kuro/.node-gyp/0.11.2/deps/v8/include/v8.h:405:63: note:   mismatched types ‘v8::Handle<T>’ and ‘node::Buffer*’
   template <class S> V8_INLINE(Local(S* that) : Handle<T>(that)) { }
                                                               ^
/home/captain_kuro/.node-gyp/0.11.2/deps/v8/include/v8.h:80:69: note: in definition of macro ‘V8_INLINE’
 #define V8_INLINE(declarator) inline __attribute__((always_inline)) declarator
                                                                     ^
/home/captain_kuro/.node-gyp/0.11.2/deps/v8/include/v8.h:253:22: note: v8::Handle<T>::Handle(T*) [with T = v8::Object]
   V8_INLINE(explicit Handle(T* val)) : val_(val) {}
                      ^
/home/captain_kuro/.node-gyp/0.11.2/deps/v8/include/v8.h:80:69: note: in definition of macro ‘V8_INLINE’
 #define V8_INLINE(declarator) inline __attribute__((always_inline)) declarator
                                                                     ^
/home/captain_kuro/.node-gyp/0.11.2/deps/v8/include/v8.h:253:22: note:   no known conversion for argument 1 from ‘node::Buffer*’ to ‘v8::Object*’
   V8_INLINE(explicit Handle(T* val)) : val_(val) {}
                      ^
/home/captain_kuro/.node-gyp/0.11.2/deps/v8/include/v8.h:80:69: note: in definition of macro ‘V8_INLINE’
 #define V8_INLINE(declarator) inline __attribute__((always_inline)) declarator
                                                                     ^
/home/captain_kuro/.node-gyp/0.11.2/deps/v8/include/v8.h:247:13: note: v8::Handle<T>::Handle() [with T = v8::Object]
   V8_INLINE(Handle()) : val_(0) {}
             ^
/home/captain_kuro/.node-gyp/0.11.2/deps/v8/include/v8.h:80:69: note: in definition of macro ‘V8_INLINE’
 #define V8_INLINE(declarator) inline __attribute__((always_inline)) declarator
                                                                     ^
/home/captain_kuro/.node-gyp/0.11.2/deps/v8/include/v8.h:247:13: note:   candidate expects 0 arguments, 1 provided
   V8_INLINE(Handle()) : val_(0) {}
             ^
/home/captain_kuro/.node-gyp/0.11.2/deps/v8/include/v8.h:80:69: note: in definition of macro ‘V8_INLINE’
 #define V8_INLINE(declarator) inline __attribute__((always_inline)) declarator
                                                                     ^
/home/captain_kuro/.node-gyp/0.11.2/deps/v8/include/v8.h:242:26: note: v8::Handle<v8::Object>::Handle(const v8::Handle<v8::Object>&)
 template <class T> class Handle {
                          ^
/home/captain_kuro/.node-gyp/0.11.2/deps/v8/include/v8.h:242:26: note:   no known conversion for argument 1 from ‘node::Buffer*’ to ‘const v8::Handle<v8::Object>&’
make: *** [Release/obj.target/bson/ext/bson.o] Error 1
gyp ERR! build error 
gyp ERR! stack Error: `make` failed with exit code: 2
gyp ERR! stack     at ChildProcess.onExit (/usr/local/lib/node_modules/npm/node_modules/node-gyp/lib/build.js:267:23)
gyp ERR! stack     at ChildProcess.EventEmitter.emit (events.js:100:17)
gyp ERR! stack     at Process.ChildProcess._handle.onexit (child_process.js:789:12)
gyp ERR! System Linux 3.11.0-14-generic
gyp ERR! command "node" "/usr/local/lib/node_modules/npm/node_modules/node-gyp/bin/node-gyp.js" "rebuild"
gyp ERR! cwd /var/www/todo/back/nodejs/node_modules/mongodb/node_modules/bson
gyp ERR! node -v v0.11.2
gyp ERR! node-gyp -v v0.10.2
gyp ERR! not ok 
